         w __deregister_frame_info
         w __register_frame_info
         w _ITM_deregisterTMCloneTable
         w _ITM_registerTMCloneTable
         w _Jv_RegisterClasses
00000000 b _TLS_MODULE_BASE_
00000000 a shift
00000000 a shift
00000000 00002000 b tmp_buffer.7872
00001ff8 b .LANCHOR2
00002000 00000401 b __fixedpath
00002404 00000802 b __utf16path
00002c08 00000802 b __utf16path_old.7943
00100000 a __start__
00100000 T _start
00100008 T __service_ptr
0010000c T __apt_appid
00100010 T __heap_size
00100014 T __linear_heap_size
00100018 T __system_arglist
0010001c T __system_runflags
00100020 t startup
00100058 t ClearMem
0010006c t ClrLoop
00100094 T _init
001000ac T initSystem
001000f0 T __ctru_exit
00100110 T __aeabi_idiv
00100110 00000220 T __divsi3
00100118 t .divsi3_skip_div0_test
00100330 00000020 T __aeabi_idivmod
00100350 00000004 W __aeabi_idiv0
00100350 00000004 W __aeabi_ldiv0
00100354 T __aeabi_uldivmod
001003a8 00000390 T strcmp
00100730 t .udivsi3_skip_div0_test
00100730 T __aeabi_uidiv
00100730 000001ec T __udivsi3
0010091c 00000020 T __aeabi_uidivmod
0010093c t deregister_tm_clones
0010096c t register_tm_clones
001009a4 t __do_global_dtors_aux
001009e8 t frame_dummy
00100a44 000001f0 T main
00100c34 0000008c t gfxSetFramebufferInfo.part.0
00100cc0 00000018 T __get_bytes_per_pixel
00100cd8 00000174 T gfxSetScreenFormat
00100e4c 00000014 T gfxSetDoubleBuffering
00100e60 00000070 T gfxSetFramebufferInfo
00100ed0 00000088 T gfxWriteFramebufferInfo
00100f58 000001fc T gfxInit
00101154 00000010 T gfxInitDefault
00101164 000000e0 T gfxExit
00101244 000000b0 T gfxGetFramebuffer
001012f4 000000c8 T gfxFlushBuffers
001013bc 00000070 T gfxConfigScreen
0010142c 00000020 T gfxSwapBuffers
0010144c 00000020 T gfxSwapBuffersGpu
0010146c 0000001c T debug_write
00101488 000001b0 T consoleDrawChar
00101638 00000124 T consolePrintChar
0010175c 00000190 t consoleCls
001018ec 000000f8 T consoleInit
001019e4 00000144 t consoleClearLine
00101b28 000000bc t newRow
00101be4 0000079c T con_write
00102380 000000d0 T hidExit
00102450 00000234 T hidScanInput
00102684 00000010 T hidKeysDown
00102694 00000090 T HIDUSER_GetHandles
00102724 0000018c T hidInit
001028b0 00000004 W _aptDebug
001028b4 00000130 T aptSendCommand
001029e4 0000003c t aptExitProcess
00102a20 0000004c T APT_InquireNotification
00102a6c 0000019c t aptEventHandler
00102c08 00000074 T APT_AppletUtility
00102c7c 000000b4 T aptSetSleepAllowed
00102d30 000000b4 T APT_GlanceParameter
00102de4 000000c0 T APT_ReceiveParameter
00102ea4 000000a8 t aptReceiveParameter.constprop.1
00102f50 000001ec t aptScreenTransfer
0010313c 00000228 t aptWaitForWakeUp
00103364 00000070 T APT_CancelParameter
001033d4 00000230 T aptInit
00103604 0000008c t aptClearParamQueue
00103690 00000214 T aptMainLoop
001038a4 00000148 T aptExit
001039ec 00000070 T APT_CheckNew3DS
00103a5c 00000160 t gspEventThreadMain
00103bbc 00000074 T gspInit
00103c30 0000003c T gspExit
00103c6c 00000088 T gspInitEventHandler
00103cf4 00000030 T gspExitEventHandler
00103d24 00000044 T gspWaitForEvent
00103d68 0000006c T GSPGPU_SetBufferSwap
00103dd4 0000004c T GSPGPU_FlushDataCache
00103e20 00000034 T GSPGPU_SetLcdForceBlack
00103e54 00000064 T GSPGPU_RegisterInterruptRelayQueue
00103eb8 0000002c T GSPGPU_UnregisterInterruptRelayQueue
00103ee4 00000048 T GSPGPU_AcquireRight
00103f2c 0000002c T GSPGPU_ReleaseRight
00103f58 00000080 T GSPGPU_ImportDisplayCaptureInfo
00103fd8 0000002c T GSPGPU_SaveVramSysArea
00104004 0000002c T GSPGPU_RestoreVramSysArea
00104030 000000b0 T irrstScanInput
001040e0 0000001c T irrstKeysHeld
001040fc 00000050 T IRRST_GetHandles
0010414c 00000150 T irrstInit
0010429c 0000002c T IRRST_Shutdown
001042c8 000000ac T irrstExit
00104374 000000e8 T __system_initArgv
0010445c 00000038 W __libctru_init
00104494 T svcControlMemory
001044b4 T svcExitProcess
001044bc T svcCreateThread
001044dc T svcExitThread
001044e4 T svcSleepThread
001044ec T svcReleaseMutex
001044f4 T svcCreateEvent
00104508 T svcSignalEvent
00104510 T svcClearEvent
00104518 T svcMapMemoryBlock
00104520 T svcUnmapMemoryBlock
00104528 T svcCreateAddressArbiter
0010453c T svcArbitrateAddress
00104554 T svcCloseHandle
0010455c T svcWaitSynchronization
00104564 T svcWaitSynchronizationN
0010458c T svcDuplicateHandle
001045a0 T svcGetSystemTick
001045a8 T svcGetSystemInfo
001045c0 T svcConnectToPort
001045d4 T svcSendSyncRequest
001045dc T svcBreak
001045e4 T svcOutputDebugString
001045ec 00000024 t addrMapNodeComparator(rbtree_node const*, rbtree_node const*)
00104610 00000004 t addrMapNodeDestructor(rbtree_node*)
00104614 0000013c T linearMemAlign
00104750 00000008 T linearAlloc
00104758 00000050 T linearFree
001047a8 00000024 t addrMapNodeComparator(rbtree_node const*, rbtree_node const*)
001047cc 00000004 t addrMapNodeDestructor(rbtree_node*)
001047d0 000000f4 T mappableAlloc
001048c4 00000050 T mappableFree
00104914 00000024 t addrMapNodeComparator(rbtree_node const*, rbtree_node const*)
00104938 00000004 t addrMapNodeDestructor(rbtree_node*)
0010493c 0000012c T vramMemAlign
00104a68 00000008 T vramAlloc
00104a70 00000050 T vramFree
00104ac0 000001bc T threadCreate
00104c7c 00000024 T threadJoin
00104ca0 00000070 T threadExit
00104d10 00000040 t _thread_begin
00104d50 00000050 T srvExit
00104da0 00000038 T srvRegisterClient
00104dd8 00000078 T srvInit
00104e50 00000068 T srvGetServiceHandleDirect
00104eb8 00000038 T srvGetServiceHandle
00104ef0 00000058 t getSysTime
00104f48 00000024 T osGetMemRegionUsed
00104f70 000000f4 T __libctru_gtod
00105064 00000034 T __ctru_speedup_config
00105098 00000084 T envGetHandle
0010511c 0000004c T envDestroyHandles
00105168 00000034 t LightLock_Unlock.part.1
0010519c 0000000c T __sync_init
001051a8 00000018 T __sync_fini
001051c0 00000010 T __sync_get_arbiter
001051d0 00000018 T LightLock_Init
001051e8 000000a0 T LightLock_Lock
00105288 00000034 T LightLock_TryLock
001052bc 00000020 T LightLock_Unlock
001052dc 00000024 T RecursiveLock_Init
00105300 00000030 T RecursiveLock_Lock
00105330 00000058 T RecursiveLock_TryLock
00105388 00000038 T RecursiveLock_Unlock
001053c0 00000038 T LightEvent_Init
001053f8 0000007c T LightEvent_Clear
00105474 000000dc T LightEvent_Signal
00105550 000000d0 T LightEvent_Wait
00105620 00000070 T ptmSysmInit
00105690 00000034 T ptmSysmExit
001056c4 00000034 T PTMSYSM_ConfigureNew3DSCPU
001056f8 00000070 T rbtree_find
00105768 00000324 T rbtree_remove
00105a8c 00000074 T rbtree_node_next
00105b00 00000094 T rbtree_rotate
00105b94 0000018c t do_insert
00105d20 00000008 T rbtree_insert
00105d28 00000014 T rbtree_init
00105d3c 000000a4 W __libctru_exit
00105de0 0000001c W __appExit
00105dfc 00000058 t osGetMemRegionSize
00105e54 00000104 W __system_allocateHeaps
00105f58 00000030 t __ctru_get_reent
00105f88 000000e4 T __system_initSyscalls
0010606c 0000001c W __appInit
00106088 00000098 T MemPool::CoalesceRight(MemBlock*)
00106120 00000178 T MemPool::Allocate(MemChunk&, unsigned long, int)
00106298 00000100 T MemPool::Deallocate(MemChunk const&)
00106398 00000010 t sdmc_link
001063a8 00000010 t sdmc_dirreset
001063b8 00000010 t sdmc_fchmod
001063c8 00000024 t error_cmp
001063ec 00000050 t sdmc_translate_error
0010643c 00000034 t sdmc_fsync
00106470 00000054 t sdmc_ftruncate
001064c4 000000b8 t sdmc_statvfs
0010657c 00000038 t sdmc_dirclose
001065b4 00000138 t sdmc_dirnext
001066ec 00000034 t sdmc_close
00106720 00000074 t sdmc_fstat
00106794 000000d8 t sdmc_seek
0010686c 00000084 t sdmc_read
001068f0 000000b8 t sdmc_write
001069a8 000001b4 t sdmc_utf16path
00106b5c 00000074 t sdmc_rmdir
00106bd0 000000a4 t sdmc_diropen
00106c74 000000a0 t sdmc_chdir
00106d14 00000098 t sdmc_mkdir
00106dac 00000108 t sdmc_rename
00106eb4 00000074 t sdmc_unlink
00106f28 00000108 t sdmc_stat
00107030 00000188 t sdmc_open
001071b8 00000010 t sdmc_chmod
001071c8 0000015c T sdmcInit
00107324 00000058 T sdmcExit
0010737c 00000028 t fsSessionForArchive.part.0
001073a4 000000c8 T fsInit
0010746c 00000038 T fsExit
001074a4 000000a0 T fsExemptFromSession
00107544 00000054 T fsUnexemptFromSession
00107598 000000bc T FSUSER_OpenFile
00107654 000000a4 T FSUSER_DeleteFile
001076f8 000000e0 T FSUSER_RenameFile
001077d8 000000a4 T FSUSER_DeleteDirectory
0010787c 000000bc T FSUSER_CreateFile
00107938 000000ac T FSUSER_CreateDirectory
001079e4 000000e0 T FSUSER_RenameDirectory
00107ac4 000000a4 T FSUSER_OpenDirectory
00107b68 00000098 T FSUSER_OpenArchive
00107c00 00000074 T FSUSER_CloseArchive
00107c74 00000078 T FSUSER_GetSdmcArchiveResource
00107cec 00000064 T FSUSER_IsSdmcWritable
00107d50 0000005c T FSFILE_Read
00107dac 00000064 T FSFILE_Write
00107e10 0000003c T FSFILE_GetSize
00107e4c 0000002c T FSFILE_SetSize
00107e78 0000003c T FSFILE_Close
00107eb4 00000024 T FSFILE_Flush
00107ed8 00000054 T FSDIR_Read
00107f2c 0000003c T FSDIR_Close
00107f68 000000c0 T utf8_to_utf16
00108028 00000138 T decode_utf8
00108160 000000e8 T utf16_to_utf8
00108248 00000104 T encode_utf8
0010834c 00000068 T encode_utf16
001083b4 T __aeabi_read_tp
001083c0 00000060 T decode_utf16
00108420 00000128 T __udivmoddi4
00108548 00000074 T bsearch
001085bc 00000040 T __libc_fini_array
001085fc 00000078 T __libc_init_array
00108674 00000020 T memalign
00108694 00000158 T _memalign_r
001087ec 00000018 T malloc
00108804 00000018 T free
0010881c 0000078c T _malloc_r
00108fa8 00000104 T memchr
001090ac 00000114 T memcpy
001091c0 00000110 T memset
001092d0 0000000c T __malloc_lock
001092dc 0000000c T __malloc_unlock
001092e8 00000038 T printf
00109320 00000044 T rand
00109364 00000258 T setvbuf
001095bc 00000074 T sscanf
00109630 0000003c T __sread
0010966c 00000008 T __seofread
00109674 00000064 T __swrite
001096d8 0000004c T __sseek
00109724 00000008 T __sclose
0010972c 0000005c T strlen
00109788 0000009c T strncat
00109824 000000d8 T strncpy
001098fc 0000290c T __ssvfscanf_r
0010c208 0000001c t __sprint_r.part.0
0010c224 0000001c T __sprint_r
0010c240 00001624 t get_arg
0010d868 00004314 T _vfprintf_r
00111b7c 000000cc t __sbprintf
00111c48 000000a0 T _wcrtomb_r
00111ce8 00000020 T _wcsrtombs_r
00111d08 00000144 T __swsetup_r
00111e4c 000001d0 t quorem
00112020 00001260 T _dtoa_r
00113280 00000254 T __sflush_r
001134d4 00000094 T _fflush_r
00113568 0000000c T _cleanup_r
00113574 00000080 t std.isra.0
001135f4 0000008c T __sinit
00113680 0000000c T __sfp_lock_acquire
0011368c 0000000c T __sfp_lock_release
00113698 000000f8 T _malloc_trim_r
00113790 000002e4 T _free_r
00113a74 000004ac T __sfvwrite_r
00113f20 00000080 T _fwalk_reent
00113fa0 00000074 T iswspace
00114014 00000204 t __jp2uc
00114218 000000c8 T _jp2uc
001142e0 00000008 T __localeconv_l
001142e8 00000024 T _localeconv_r
0011430c 00000024 T __locale_mb_cur_max
00114330 00000008 T __locale_ctype_ptr_l
00114338 00000024 T __locale_ctype_ptr
0011435c 00000094 T __swhatbuf_r
001143f0 000000f4 T __smakebuf_r
001144e4 000000b4 T _mbrtowc_r
00114598 00000300 T __utf8_mbtowc
00114898 00000148 T memmove
001149e0 00000088 T _Balloc
00114a68 0000001c T _Bfree
00114a84 000000d8 T __multadd
00114b5c 000000f0 T __s2b
00114c4c 00000058 T __hi0bits
00114ca4 0000009c T __lo0bits
00114d40 00000020 T __i2b
00114d60 000001cc T __multiply
00114f2c 00000100 T __pow5mult
0011502c 000000e4 T __lshift
00115110 00000060 T __mcmp
00115170 00000198 T __mdiff
00115308 00000078 T __ulp
00115380 000000d4 T __b2d
00115454 00000108 T __d2b
0011555c 0000007c T __ratio
001155d8 0000006c T __copybits
00115644 00000080 T __any_on
001156c4 000004cc T _realloc_r
00115b90 000000cc T __sccl
00115c5c 0000000c T nanf
00115c68 0000009c T frexp
00115d04 00000068 T sprintf
00115d6c 00000100 T stpncpy
00115e6c 000001ac T strchr
00116018 00000108 T strncmp
00116120 00000054 t sulp
00116178 00001434 T _strtod_l
001175ac 0000003c T _strtod_r
001175e8 000002dc t _strtoll_l.isra.0
001178c4 00000050 T _strtoll_r
00117914 00000220 t _strtol_l.isra.0
00117b34 00000050 T _strtol_r
00117b88 00000268 t _strtoull_l.isra.0
00117df0 00000050 T _strtoull_r
00117e40 000001e4 t _strtoul_l.isra.0
00118024 00000050 T _strtoul_r
00118074 00000188 T __ssprint_r
001181fc 000000e8 T _sungetc_r
001182e4 0000006c T __ssrefill_r
00118350 000000d0 T _sfread_r
00118420 00001624 t get_arg
00119a48 000041c4 T _svfprintf_r
0011dc0c 000000a8 T __submore
0011dcb4 00000174 T _wcsnrtombs_l
0011de28 00000064 T _wcsnrtombs_r
0011de8c 000000e8 T __utf8_wctomb
0011df74 00000090 T _calloc_r
0011e004 00000154 T _fclose_r
0011e158 000000f0 t rshift
0011e248 000007f4 T __gethex
0011ea3c 00000064 T __match
0011eaa0 00000264 T __hexnan
0011ed04 00000008 t null_write
0011ed0c 00000018 T setDefaultDevice
0011ed24 000000cc T FindDevice
0011edf0 00000028 T RemoveDevice
0011ee18 00000098 T AddDevice
0011eeb0 00000084 T _close_r
0011ef34 0000007c T _fstat_r
0011efb0 00000008 T _isatty_r
0011efb8 00000090 T _lseek_r
0011f048 00000088 T _read_r
0011f0d0 00000070 T _sbrk_r
0011f140 00000088 T _write_r
0011f1c8 000001d4 T _concatenate_path
0011f39c 0000015c T chdir
0011f4f8 00000008 T __flockfile
0011f500 00000008 T __funlockfile
0011f508 00000018 T __libc_lock_acquire
0011f520 00000018 T __libc_lock_release
0011f538 00000018 T __libc_lock_init_recursive
0011f550 00000018 T __libc_lock_acquire_recursive
0011f568 00000018 T __libc_lock_release_recursive
0011f580 00000018 T __libc_lock_close_recursive
0011f598 0000004c T __free_handle
0011f5e4 00000040 T __release_handle
0011f624 00000018 T __get_handle
0011f63c 00000028 T __getreent
0011f664 0000005c T strnlen
0011f6c0 00000044 T strrchr
0011f704 T _fini
00120000 00000014 r CSWTCH.26
00120014 00000008 r framebufferInfoSt
0012001c 00000068 r dotab_3dmoo
00120084 00000068 r dotab_stdout
001200ec 00000068 r dotab_null
00120154 00000030 r colorTable
00120184 0000000c r serviceNameTable.7434
00120190 R default_font_bin
00120990 R default_font_bin_end
00120990 R default_font_bin_size
00120994 00000030 r error_table
00120b1c 00000022 r basefix.8441
00120b80 r .LC2
00120b84 00000010 r blanks.8415
00120b94 00000010 r zeroes.8416
00120bc8 000000bc r a1
00120c84 000000bc r a2
00120d40 0000005b r a3
00120d9c 00000070 r a6
00120e0c 000000a2 r a7
00120eb0 00000040 r a8
00120ef0 0000172a r b02cf
0012261c 00001a7c r d02f4
001240e0 00000028 R __mprec_bigtens
00124108 000000c8 R __mprec_tens
001241d0 0000000c r p05.7191
001241ec 00000014 r fpi.7277
00124200 00000014 r fpinan.7313
00124218 00000028 r tinytens
00124240 0000006c R __action_table
001242ac 00000100 R __chclass
001243ac 0000006c R __state_table
00124418 00000010 r blanks.8400
00124428 00000010 r zeroes.8401
00124438 00000101 R _ctype_
0012453c 00000100 R __hexdig
00124644 00000068 R dotab_stdnull
001246ac 00000003 R DIRECTORY_PARENT
001246b0 r __EH_FRAME_BEGIN__
001246b0 R __exidx_end
001246b0 R __exidx_start
00125000 00000001 d topFormat
00125001 00000001 d botFormat
00125004 00000008 d doubleBuf
0012500c 0000004c D defaultConsole
00125058 00000004 D currentConsole
0012505c 00000001 d firstConsoleInit.7754
00125060 00000004 d aptFlags
00125064 00000004 d gspLastEvent
00125068 W __stacksize__
0012506c 00000004 V __ctru_linear_heap_size
00125070 00000401 d __cwd
00125474 00000068 d sdmc_devoptab
001254dc 00000004 D _impure_ptr
001254e0 00000460 d impure_data
00125940 00000408 D __malloc_av_
00125d48 00000004 D __malloc_sbrk_base
00125d4c 00000004 D __malloc_trim_threshold
00125d50 0000000c d __malloc_lock_object
00125d5c 0000000c d __sfp_lock
00125d68 0000000c d __sinit_lock
00125d74 0000016c D __global_locale
00125ee0 00000004 d defaultDevice
00125ee4 00000040 D devoptab_list
00125f24 00001000 d _current_working_directory
00126f24 00000004 d __hndl_lock
00126f28 0000000c d __stderr_handle
00126f34 0000000c d __stdin_handle
00126f40 0000000c d __stdout_handle
00126f4c 00001000 d handles
00127f4c t __frame_dummy_init_array_entry
00127f4c T __init_array_start
00127f4c d __JCR_LIST__
00127f4c B __preinit_array_end
00127f4c B __preinit_array_start
00127f4c D __tdata_lma
00127f4c D __tdata_lma_end
00127f4c D __TMC_END__
00127f4c d __TMC_LIST__
00127f50 t __do_global_dtors_aux_fini_array_entry
00127f50 T __fini_array_start
00127f50 T __init_array_end
00127f54 T __bss_start__
00127f54 T __fini_array_end
00127f54 00000001 b enable3d
00127f58 00000004 b screenAlloc
00127f5c 00000004 b screenFree
00127f60 00000002 b currentBuffer
00127f64 00000004 b hidRefCount
00127f68 00000004 b kOld
00127f6c 00000004 b kHeld
00127f70 00000004 b cPos
00127f74 00000004 b tPos
00127f78 00000006 b aVec
00127f80 00000006 b gRate
00127f88 00000004 b kDown
00127f8c 00000004 b kUp
00127f90 00000004 b aptLockHandle
00127f94 00000004 b serviceName.7433
00127f98 0000000c b aptFirstHook
00127fa4 00000004 b aptMessageFunc
00127fa8 00000004 b aptMessageFuncData
00127fac 0000000c b aptEvents
00127fb8 00000001 b aptHomeButtonState
00127fbc 00000008 b aptSleepEvent
00127fc4 00001000 b aptParameters
00128fc4 00000004 b aptRefCount
00128fc8 00000004 b aptEventHandlerThread
00128fcc 00000001 b flagInit.7784
00128fcd 00000001 b flagValue.7785
00128fd0 00000001 b gspRunEvents
00128fd4 00000004 b gspEvent
00128fd8 00000004 b gspEventData
00128fdc 0000001c b gspEventCb
00128ff8 00000007 b gspEventCbOneShot
00129000 0000001c b gspEventCbData
0012901c 00000038 b gspEvents
00129054 0000001c b gspEventCounts
00129070 00000004 b gspRefCount
00129074 00000004 b gspEventThread
00129078 00000004 b irrstRefCount
0012907c 00000004 b kHeld
00129080 00000004 b csPos
00129084 b saved_stack
0012908c 00000008 b sLinearPool
00129094 0000000c b sAddrMap
001290a0 00000008 b sMappablePool
001290a8 0000000c b sAddrMap
001290b4 00000008 b sVramPool
001290bc 0000000c b sAddrMap
001290c8 00000004 b srvRefCount
001290cc 00000004 b srvHandle
001290d0 00000001 V __ctru_speedup
001290d4 00000004 b arbiter
001290d8 00000004 b ptmSysmRefCount
001290dc 00000004 b ptmSysmHandle
001290e0 00000004 V __ctru_heap_size
001290e8 00000008 b sdmcArchive
001290f0 00000001 b sdmcInitialised
001290f8 00000004 b fsuHandle
001290fc 00000004 b fsuRefCount
00129100 00000080 b fsExemptArchives
00129180 b completed.7620
00129184 b object.7625
0012919c 00000028 B __malloc_current_mallinfo
001291c4 00000004 B __malloc_max_sbrked_mem
001291c8 00000004 B __malloc_max_total_mem
001291cc 00000004 B __malloc_top_pad
001291d0 00000004 b heap_start.6927
001291d4 00000004 B fake_heap_end
001291d8 00000004 B fake_heap_start
001291dc 00001000 b temp_cwd
0012a1dc 00000038 B __syscalls
0012a214 00000008 B gfxBottomFramebuffers
0012a21c 00000004 B gspSharedMemHandle
0012a220 0000001c B bottomFramebufferInfo
0012a23c 00000004 B gspEvent
0012a240 00000008 B gfxTopLeftFramebuffers
0012a248 00000008 B gfxTopRightFramebuffers
0012a250 0000001c B topFramebufferInfo
0012a26c 00000001 B gfxThreadID
0012a270 00000004 B gfxSharedMemory
0012a274 00000004 B gfxTopFramebufferMaxSize
0012a278 00000004 B gfxBottomFramebufferMaxSize
0012a27c 0000004c B currentCopy
0012a2c8 00000004 B gxCmdBuf
0012a2cc 00000004 B hidMemHandle
0012a2d0 00000004 B hidHandle
0012a2d4 00000004 B hidSharedMem
0012a2d8 00000014 B hidEvents
0012a2ec 00000004 B gspGpuHandle
0012a2f0 00000004 B irrstHandle
0012a2f4 00000004 B irrstEvent
0012a2f8 00000004 B irrstMemHandle
0012a2fc 00000004 B irrstSharedMem
0012a300 00000004 B __system_argv
0012a304 00000004 B __system_argc
0012a308 00000004 B __system_retAddr
0012a30c 00000004 B __ctru_linear_heap
0012a310 00000004 B __ctru_heap
0012a314 B __tls_start
0012d720 B __bss_end__
0012d720 A __end__
0012d720 B __tls_end
